<?xml version="1.0" encoding="UTF-8"?>
<testng-results skipped="0" failed="0" ignored="0" total="1" passed="1">
  <reporter-output>
  </reporter-output>
  <suite name="Default suite" duration-ms="9526" started-at="2019-01-31T16:44:41Z" finished-at="2019-01-31T16:44:50Z">
    <groups>
    </groups>
    <test name="Default test" duration-ms="9526" started-at="2019-01-31T16:44:41Z" finished-at="2019-01-31T16:44:50Z">
      <class name="BrowserUtils.BrowserApp">
        <test-method status="PASS" signature="LaunchBr()[pri:0, instance:BrowserUtils.BrowserApp@523884b2]" name="LaunchBr" duration-ms="9474" started-at="2019-01-31T16:44:41Z" finished-at="2019-01-31T16:44:50Z">
          <reporter-output>
          </reporter-output>
        </test-method> <!-- LaunchBr -->
      </class> <!-- BrowserUtils.BrowserApp -->
    </test> <!-- Default test -->
  </suite> <!-- Default suite -->
</testng-results>
